<?xml version="1.0" encoding="UTF-8"?>
<!-- Generated by org.testng.reporters.JUnitReportReporter -->
<testsuite hostname="Shailesh" failures="0" tests="4" name="tests.Chained_Post_Get_Put_Delete" time="1.468" errors="0" timestamp="2025-09-15T00:31:53 IST" skipped="0">
  <testcase classname="tests.Chained_Post_Get_Put_Delete" name="createUser" time="1.298"/>
  <testcase classname="tests.Chained_Post_Get_Put_Delete" name="getUser" time="0.092"/>
  <testcase classname="tests.Chained_Post_Get_Put_Delete" name="updateUser" time="0.028"/>
  <testcase classname="tests.Chained_Post_Get_Put_Delete" name="deleteUser" time="0.050"/>
</testsuite> <!-- tests.Chained_Post_Get_Put_Delete -->
