<?xml version="1.0" encoding="UTF-8"?>
<!-- Generated by org.testng.reporters.JUnitReportReporter -->
<testsuite hostname="Shailesh" failures="0" tests="1" name="tests.ApiAuthTest" time="6.116" errors="0" timestamp="2025-09-14T23:09:22 IST" skipped="0">
  <testcase classname="tests.ApiAuthTest" name="basicAuthTest" time="6.116"/>
</testsuite> <!-- tests.ApiAuthTest -->
