<?xml version="1.0" encoding="UTF-8"?>
<!-- Generated by org.testng.reporters.JUnitReportReporter -->
<testsuite hostname="Shailesh" failures="0" tests="3" name="tests.PutPatchDelete" time="3.002" errors="0" timestamp="2025-09-15T00:05:20 IST" skipped="0">
  <testcase classname="tests.PutPatchDelete" name="testDelete" time="1.957"/>
  <testcase classname="tests.PutPatchDelete" name="testPut" time="0.607"/>
  <testcase classname="tests.PutPatchDelete" name="testPatch" time="0.438"/>
</testsuite> <!-- tests.PutPatchDelete -->
