<?xml version="1.0" encoding="UTF-8"?>
<!-- Generated by org.testng.reporters.JUnitReportReporter -->
<testsuite hostname="Shailesh" failures="0" tests="2" name="tests.ChainedApiTest" time="2.718" errors="0" timestamp="2025-09-15T00:20:31 IST" skipped="0">
  <testcase classname="tests.ChainedApiTest" name="getFirstApiAndExtractId" time="1.905"/>
  <testcase classname="tests.ChainedApiTest" name="useExtractedIdInNextApi" time="0.813"/>
</testsuite> <!-- tests.ChainedApiTest -->
