<?xml version="1.0" encoding="UTF-8"?>
<!-- Generated by org.testng.reporters.JUnitReportReporter -->
<testsuite hostname="Shailesh" failures="0" tests="3" name="tests.PutPatchDelete" time="5.153" errors="0" timestamp="2025-09-13T18:36:09 IST" skipped="0">
  <testcase classname="tests.PutPatchDelete" name="testPut" time="0.807"/>
  <testcase classname="tests.PutPatchDelete" name="testDelete" time="2.092"/>
  <testcase classname="tests.PutPatchDelete" name="testPatch" time="2.254"/>
</testsuite> <!-- tests.PutPatchDelete -->
