<?xml version="1.0" encoding="UTF-8"?>
<!-- Generated by org.testng.reporters.JUnitReportReporter -->
<testsuite hostname="Shailesh" failures="0" tests="1" name="tests.GetandPostExample" time="0.013" errors="0" timestamp="2025-09-12T22:19:30 IST" skipped="0">
  <testcase classname="tests.GetandPostExample" name="testPost_1" time="0.013"/>
</testsuite> <!-- tests.GetandPostExample -->
